2023-02-05 14:50:54,112 - mmcls - INFO - Environment info:
------------------------------------------------------------
sys.platform: linux
Python: 3.9.16 (main, Jan 11 2023, 16:05:54) [GCC 11.2.0]
CUDA available: True
GPU 0: NVIDIA GeForce RTX 3090
CUDA_HOME: /data/apps/cuda/11.7
NVCC: Cuda compilation tools, release 11.7, V11.7.64
GCC: gcc (GCC) 4.8.5 20150623 (Red Hat 4.8.5-44)
PyTorch: 1.13.1
PyTorch compiling details: PyTorch built with:
  - GCC 9.3
  - C++ Version: 201402
  - Intel(R) oneAPI Math Kernel Library Version 2021.4-Product Build 20210904 for Intel(R) 64 architecture applications
  - Intel(R) MKL-DNN v2.6.0 (Git Hash 52b5f107dd9cf10910aaa19cb47f3abf9b349815)
  - OpenMP 201511 (a.k.a. OpenMP 4.5)
  - LAPACK is enabled (usually provided by MKL)
  - NNPACK is enabled
  - CPU capability usage: AVX2
  - CUDA Runtime 11.7
  - NVCC architecture flags: -gencode;arch=compute_37,code=sm_37;-gencode;arch=compute_50,code=sm_50;-gencode;arch=compute_60,code=sm_60;-gencode;arch=compute_61,code=sm_61;-gencode;arch=compute_70,code=sm_70;-gencode;arch=compute_75,code=sm_75;-gencode;arch=compute_80,code=sm_80;-gencode;arch=compute_86,code=sm_86;-gencode;arch=compute_37,code=compute_37
  - CuDNN 8.5
  - Magma 2.6.1
  - Build settings: BLAS_INFO=mkl, BUILD_TYPE=Release, CUDA_VERSION=11.7, CUDNN_VERSION=8.5.0, CXX_COMPILER=/opt/rh/devtoolset-9/root/usr/bin/c++, CXX_FLAGS= -fabi-version=11 -Wno-deprecated -fvisibility-inlines-hidden -DUSE_PTHREADPOOL -fopenmp -DNDEBUG -DUSE_KINETO -DUSE_FBGEMM -DUSE_QNNPACK -DUSE_PYTORCH_QNNPACK -DUSE_XNNPACK -DSYMBOLICATE_MOBILE_DEBUG_HANDLE -DEDGE_PROFILER_USE_KINETO -O2 -fPIC -Wno-narrowing -Wall -Wextra -Werror=return-type -Werror=non-virtual-dtor -Wno-missing-field-initializers -Wno-type-limits -Wno-array-bounds -Wno-unknown-pragmas -Wunused-local-typedefs -Wno-unused-parameter -Wno-unused-function -Wno-unused-result -Wno-strict-overflow -Wno-strict-aliasing -Wno-error=deprecated-declarations -Wno-stringop-overflow -Wno-psabi -Wno-error=pedantic -Wno-error=redundant-decls -Wno-error=old-style-cast -fdiagnostics-color=always -faligned-new -Wno-unused-but-set-variable -Wno-maybe-uninitialized -fno-math-errno -fno-trapping-math -Werror=format -Werror=cast-function-type -Wno-stringop-overflow, LAPACK_INFO=mkl, PERF_WITH_AVX=1, PERF_WITH_AVX2=1, PERF_WITH_AVX512=1, TORCH_VERSION=1.13.1, USE_CUDA=ON, USE_CUDNN=ON, USE_EXCEPTION_PTR=1, USE_GFLAGS=OFF, USE_GLOG=OFF, USE_MKL=ON, USE_MKLDNN=ON, USE_MPI=OFF, USE_NCCL=ON, USE_NNPACK=ON, USE_OPENMP=ON, USE_ROCM=OFF, 

TorchVision: 0.14.1
OpenCV: 4.7.0
MMCV: 1.7.1
MMCV Compiler: n/a
MMCV CUDA Compiler: n/a
MMClassification: 0.25.0+
------------------------------------------------------------

2023-02-05 14:50:54,114 - mmcls - INFO - Distributed training: False
2023-02-05 14:50:54,348 - mmcls - INFO - Config:
model = dict(
    type='ImageClassifier',
    backbone=dict(type='ShuffleNetV2', widen_factor=1.0, frozen_stages=3),
    neck=dict(type='GlobalAveragePooling'),
    head=dict(
        type='LinearClsHead',
        num_classes=5,
        in_channels=1024,
        loss=dict(type='CrossEntropyLoss', loss_weight=1.0),
        topk=(1, )))
dataset_type = 'ImageNet'
img_norm_cfg = dict(
    mean=[123.675, 116.28, 103.53], std=[58.395, 57.12, 57.375], to_rgb=True)
train_pipeline = [
    dict(type='LoadImageFromFile'),
    dict(type='RandomResizedCrop', size=196, backend='pillow'),
    dict(type='RandomFlip', flip_prob=0.5, direction='horizontal'),
    dict(
        type='Normalize',
        mean=[123.675, 116.28, 103.53],
        std=[58.395, 57.12, 57.375],
        to_rgb=True),
    dict(type='ImageToTensor', keys=['img']),
    dict(type='ToTensor', keys=['gt_label']),
    dict(type='Collect', keys=['img', 'gt_label'])
]
test_pipeline = [
    dict(type='LoadImageFromFile'),
    dict(type='Resize', size=(224, -1), backend='pillow'),
    dict(type='CenterCrop', crop_size=196),
    dict(
        type='Normalize',
        mean=[123.675, 116.28, 103.53],
        std=[58.395, 57.12, 57.375],
        to_rgb=True),
    dict(type='ImageToTensor', keys=['img']),
    dict(type='Collect', keys=['img'])
]
data = dict(
    samples_per_gpu=256,
    workers_per_gpu=2,
    train=dict(
        type='CustomDataset',
        data_prefix=
        '/HOME/scz0bdh/run/mmlab_homework/one/dataset/flower_dataset/train',
        pipeline=[
            dict(type='LoadImageFromFile'),
            dict(type='RandomResizedCrop', size=196, backend='pillow'),
            dict(type='RandomFlip', flip_prob=0.5, direction='horizontal'),
            dict(
                type='Normalize',
                mean=[123.675, 116.28, 103.53],
                std=[58.395, 57.12, 57.375],
                to_rgb=True),
            dict(type='ImageToTensor', keys=['img']),
            dict(type='ToTensor', keys=['gt_label']),
            dict(type='Collect', keys=['img', 'gt_label'])
        ]),
    val=dict(
        type='CustomDataset',
        data_prefix=
        '/HOME/scz0bdh/run/mmlab_homework/one/dataset/flower_dataset/val',
        pipeline=[
            dict(type='LoadImageFromFile'),
            dict(type='Resize', size=(224, -1), backend='pillow'),
            dict(type='CenterCrop', crop_size=196),
            dict(
                type='Normalize',
                mean=[123.675, 116.28, 103.53],
                std=[58.395, 57.12, 57.375],
                to_rgb=True),
            dict(type='ImageToTensor', keys=['img']),
            dict(type='Collect', keys=['img'])
        ]))
evaluation = dict(
    interval=1,
    metric='accuracy',
    metric_options=dict(topk=(1, )),
    save_best='auto')
optimizer = dict(
    type='Adam',
    lr=0.0003,
    weight_decay=4e-05,
    paramwise_cfg=dict(norm_decay_mult=0))
optimizer_config = dict(grad_clip=None)
lr_config = dict(policy='CosineAnnealing', min_lr=0, by_epoch=False)
runner = dict(type='EpochBasedRunner', max_epochs=20)
checkpoint_config = dict(interval=1)
log_config = dict(interval=100, hooks=[dict(type='TextLoggerHook')])
dist_params = dict(backend='nccl')
log_level = 'INFO'
load_from = '/HOME/scz0bdh/run/mmlab_homework/one/checkpoints/shufflenet_v2_batch1024_imagenet_20200812-5bf4721e.pth'
resume_from = None
workflow = [('train', 1), ('val', 1)]
work_dir = 'work_dir'
gpu_ids = [0]

2023-02-05 14:50:54,348 - mmcls - INFO - Set random seed to 692165865, deterministic: False
2023-02-05 14:50:56,263 - mmcls - INFO - load checkpoint from local path: /HOME/scz0bdh/run/mmlab_homework/one/checkpoints/shufflenet_v2_batch1024_imagenet_20200812-5bf4721e.pth
2023-02-05 14:50:56,306 - mmcls - WARNING - The model and loaded state dict do not match exactly

size mismatch for head.fc.weight: copying a param with shape torch.Size([1000, 1024]) from checkpoint, the shape in current model is torch.Size([5, 1024]).
size mismatch for head.fc.bias: copying a param with shape torch.Size([1000]) from checkpoint, the shape in current model is torch.Size([5]).
2023-02-05 14:50:56,307 - mmcls - INFO - Start running, host: scz0bdh@g0097, work_dir: /data/run01/scz0bdh/mmlab_homework/one/work_dir
2023-02-05 14:50:56,307 - mmcls - INFO - Hooks will be executed in the following order:
before_run:
(VERY_HIGH   ) CosineAnnealingLrUpdaterHook       
(NORMAL      ) CheckpointHook                     
(LOW         ) EvalHook                           
(VERY_LOW    ) TextLoggerHook                     
 -------------------- 
before_train_epoch:
(VERY_HIGH   ) CosineAnnealingLrUpdaterHook       
(LOW         ) IterTimerHook                      
(LOW         ) EvalHook                           
(VERY_LOW    ) TextLoggerHook                     
 -------------------- 
before_train_iter:
(VERY_HIGH   ) CosineAnnealingLrUpdaterHook       
(LOW         ) IterTimerHook                      
(LOW         ) EvalHook                           
 -------------------- 
after_train_iter:
(ABOVE_NORMAL) OptimizerHook                      
(NORMAL      ) CheckpointHook                     
(LOW         ) IterTimerHook                      
(LOW         ) EvalHook                           
(VERY_LOW    ) TextLoggerHook                     
 -------------------- 
after_train_epoch:
(NORMAL      ) CheckpointHook                     
(LOW         ) EvalHook                           
(VERY_LOW    ) TextLoggerHook                     
 -------------------- 
before_val_epoch:
(LOW         ) IterTimerHook                      
(VERY_LOW    ) TextLoggerHook                     
 -------------------- 
before_val_iter:
(LOW         ) IterTimerHook                      
 -------------------- 
after_val_iter:
(LOW         ) IterTimerHook                      
 -------------------- 
after_val_epoch:
(VERY_LOW    ) TextLoggerHook                     
 -------------------- 
after_run:
(VERY_LOW    ) TextLoggerHook                     
 -------------------- 
2023-02-05 14:50:56,307 - mmcls - INFO - workflow: [('train', 1), ('val', 1)], max: 20 epochs
2023-02-05 14:50:56,307 - mmcls - INFO - Checkpoints will be saved to /data/run01/scz0bdh/mmlab_homework/one/work_dir by HardDiskBackend.
2023-02-05 14:51:05,009 - mmcls - INFO - Saving checkpoint at 1 epochs
2023-02-05 14:51:06,500 - mmcls - INFO - Now best checkpoint is saved as best_accuracy_top-1_epoch_1.pth.
2023-02-05 14:51:06,500 - mmcls - INFO - Best accuracy_top-1 is 81.9930 at 1 epoch.
2023-02-05 14:51:06,500 - mmcls - INFO - Epoch(val) [1][3]	accuracy_top-1: 81.9930
2023-02-05 14:51:09,778 - mmcls - INFO - Epoch(val) [1][3]	loss: 1.0180
2023-02-05 14:51:16,580 - mmcls - INFO - Saving checkpoint at 2 epochs
2023-02-05 14:51:17,760 - mmcls - INFO - The previous best checkpoint /data/run01/scz0bdh/mmlab_homework/one/work_dir/best_accuracy_top-1_epoch_1.pth was removed
2023-02-05 14:51:17,790 - mmcls - INFO - Now best checkpoint is saved as best_accuracy_top-1_epoch_2.pth.
2023-02-05 14:51:17,790 - mmcls - INFO - Best accuracy_top-1 is 87.9371 at 2 epoch.
2023-02-05 14:51:17,790 - mmcls - INFO - Epoch(val) [2][3]	accuracy_top-1: 87.9371
2023-02-05 14:51:21,007 - mmcls - INFO - Epoch(val) [2][3]	loss: 0.6199
2023-02-05 14:51:27,694 - mmcls - INFO - Saving checkpoint at 3 epochs
2023-02-05 14:51:28,878 - mmcls - INFO - The previous best checkpoint /data/run01/scz0bdh/mmlab_homework/one/work_dir/best_accuracy_top-1_epoch_2.pth was removed
2023-02-05 14:51:28,907 - mmcls - INFO - Now best checkpoint is saved as best_accuracy_top-1_epoch_3.pth.
2023-02-05 14:51:28,908 - mmcls - INFO - Best accuracy_top-1 is 89.1608 at 3 epoch.
2023-02-05 14:51:28,908 - mmcls - INFO - Epoch(val) [3][3]	accuracy_top-1: 89.1608
2023-02-05 14:51:32,139 - mmcls - INFO - Epoch(val) [3][3]	loss: 0.4852
2023-02-05 14:51:38,901 - mmcls - INFO - Saving checkpoint at 4 epochs
2023-02-05 14:51:40,075 - mmcls - INFO - The previous best checkpoint /data/run01/scz0bdh/mmlab_homework/one/work_dir/best_accuracy_top-1_epoch_3.pth was removed
2023-02-05 14:51:40,105 - mmcls - INFO - Now best checkpoint is saved as best_accuracy_top-1_epoch_4.pth.
2023-02-05 14:51:40,105 - mmcls - INFO - Best accuracy_top-1 is 90.0350 at 4 epoch.
2023-02-05 14:51:40,106 - mmcls - INFO - Epoch(val) [4][3]	accuracy_top-1: 90.0350
2023-02-05 14:51:43,361 - mmcls - INFO - Epoch(val) [4][3]	loss: 0.4164
2023-02-05 14:51:50,097 - mmcls - INFO - Saving checkpoint at 5 epochs
2023-02-05 14:51:51,291 - mmcls - INFO - The previous best checkpoint /data/run01/scz0bdh/mmlab_homework/one/work_dir/best_accuracy_top-1_epoch_4.pth was removed
2023-02-05 14:51:51,323 - mmcls - INFO - Now best checkpoint is saved as best_accuracy_top-1_epoch_5.pth.
2023-02-05 14:51:51,323 - mmcls - INFO - Best accuracy_top-1 is 91.0839 at 5 epoch.
2023-02-05 14:51:51,323 - mmcls - INFO - Epoch(val) [5][3]	accuracy_top-1: 91.0839
2023-02-05 14:51:54,561 - mmcls - INFO - Epoch(val) [5][3]	loss: 0.3919
2023-02-05 14:52:01,327 - mmcls - INFO - Saving checkpoint at 6 epochs
2023-02-05 14:52:02,504 - mmcls - INFO - The previous best checkpoint /data/run01/scz0bdh/mmlab_homework/one/work_dir/best_accuracy_top-1_epoch_5.pth was removed
2023-02-05 14:52:02,534 - mmcls - INFO - Now best checkpoint is saved as best_accuracy_top-1_epoch_6.pth.
2023-02-05 14:52:02,534 - mmcls - INFO - Best accuracy_top-1 is 91.7832 at 6 epoch.
2023-02-05 14:52:02,534 - mmcls - INFO - Epoch(val) [6][3]	accuracy_top-1: 91.7832
2023-02-05 14:52:05,740 - mmcls - INFO - Epoch(val) [6][3]	loss: 0.3479
2023-02-05 14:52:12,505 - mmcls - INFO - Saving checkpoint at 7 epochs
2023-02-05 14:52:13,712 - mmcls - INFO - Epoch(val) [7][3]	accuracy_top-1: 91.7832
2023-02-05 14:52:16,948 - mmcls - INFO - Epoch(val) [7][3]	loss: 0.3511
2023-02-05 14:52:23,655 - mmcls - INFO - Saving checkpoint at 8 epochs
2023-02-05 14:52:24,843 - mmcls - INFO - The previous best checkpoint /data/run01/scz0bdh/mmlab_homework/one/work_dir/best_accuracy_top-1_epoch_6.pth was removed
2023-02-05 14:52:24,872 - mmcls - INFO - Now best checkpoint is saved as best_accuracy_top-1_epoch_8.pth.
2023-02-05 14:52:24,872 - mmcls - INFO - Best accuracy_top-1 is 91.9580 at 8 epoch.
2023-02-05 14:52:24,872 - mmcls - INFO - Epoch(val) [8][3]	accuracy_top-1: 91.9580
2023-02-05 14:52:28,067 - mmcls - INFO - Epoch(val) [8][3]	loss: 0.3501
2023-02-05 14:52:34,792 - mmcls - INFO - Saving checkpoint at 9 epochs
2023-02-05 14:52:35,959 - mmcls - INFO - Epoch(val) [9][3]	accuracy_top-1: 91.7832
2023-02-05 14:52:39,189 - mmcls - INFO - Epoch(val) [9][3]	loss: 0.3160
2023-02-05 14:52:45,910 - mmcls - INFO - Saving checkpoint at 10 epochs
2023-02-05 14:52:47,086 - mmcls - INFO - Epoch(val) [10][3]	accuracy_top-1: 91.7832
2023-02-05 14:52:50,294 - mmcls - INFO - Epoch(val) [10][3]	loss: 0.3005
2023-02-05 14:52:56,957 - mmcls - INFO - Saving checkpoint at 11 epochs
2023-02-05 14:52:58,142 - mmcls - INFO - Epoch(val) [11][3]	accuracy_top-1: 91.7832
2023-02-05 14:53:01,342 - mmcls - INFO - Epoch(val) [11][3]	loss: 0.3104
2023-02-05 14:53:08,080 - mmcls - INFO - Saving checkpoint at 12 epochs
2023-02-05 14:53:09,248 - mmcls - INFO - Epoch(val) [12][3]	accuracy_top-1: 91.7832
2023-02-05 14:53:12,481 - mmcls - INFO - Epoch(val) [12][3]	loss: 0.3173
2023-02-05 14:53:19,168 - mmcls - INFO - Saving checkpoint at 13 epochs
2023-02-05 14:53:20,349 - mmcls - INFO - The previous best checkpoint /data/run01/scz0bdh/mmlab_homework/one/work_dir/best_accuracy_top-1_epoch_8.pth was removed
2023-02-05 14:53:20,378 - mmcls - INFO - Now best checkpoint is saved as best_accuracy_top-1_epoch_13.pth.
2023-02-05 14:53:20,378 - mmcls - INFO - Best accuracy_top-1 is 92.1329 at 13 epoch.
2023-02-05 14:53:20,378 - mmcls - INFO - Epoch(val) [13][3]	accuracy_top-1: 92.1329
2023-02-05 14:53:23,587 - mmcls - INFO - Epoch(val) [13][3]	loss: 0.3086
2023-02-05 14:53:30,355 - mmcls - INFO - Saving checkpoint at 14 epochs
2023-02-05 14:53:31,524 - mmcls - INFO - Epoch(val) [14][3]	accuracy_top-1: 91.9580
2023-02-05 14:53:34,711 - mmcls - INFO - Epoch(val) [14][3]	loss: 0.3167
2023-02-05 14:53:41,371 - mmcls - INFO - Saving checkpoint at 15 epochs
2023-02-05 14:53:42,543 - mmcls - INFO - Epoch(val) [15][3]	accuracy_top-1: 91.9580
2023-02-05 14:53:45,784 - mmcls - INFO - Epoch(val) [15][3]	loss: 0.2975
2023-02-05 14:53:52,482 - mmcls - INFO - Saving checkpoint at 16 epochs
2023-02-05 14:53:53,658 - mmcls - INFO - Epoch(val) [16][3]	accuracy_top-1: 91.9580
2023-02-05 14:53:56,887 - mmcls - INFO - Epoch(val) [16][3]	loss: 0.3114
2023-02-05 14:54:03,642 - mmcls - INFO - Saving checkpoint at 17 epochs
2023-02-05 14:54:04,823 - mmcls - INFO - Epoch(val) [17][3]	accuracy_top-1: 91.9580
2023-02-05 14:54:08,023 - mmcls - INFO - Epoch(val) [17][3]	loss: 0.2847
2023-02-05 14:54:14,782 - mmcls - INFO - Saving checkpoint at 18 epochs
2023-02-05 14:54:15,952 - mmcls - INFO - Epoch(val) [18][3]	accuracy_top-1: 91.9580
2023-02-05 14:54:19,170 - mmcls - INFO - Epoch(val) [18][3]	loss: 0.3050
2023-02-05 14:54:25,964 - mmcls - INFO - Saving checkpoint at 19 epochs
2023-02-05 14:54:27,132 - mmcls - INFO - Epoch(val) [19][3]	accuracy_top-1: 92.1329
2023-02-05 14:54:30,343 - mmcls - INFO - Epoch(val) [19][3]	loss: 0.2934
2023-02-05 14:54:37,096 - mmcls - INFO - Saving checkpoint at 20 epochs
2023-02-05 14:54:38,267 - mmcls - INFO - Epoch(val) [20][3]	accuracy_top-1: 92.1329
2023-02-05 14:54:41,468 - mmcls - INFO - Epoch(val) [20][3]	loss: 0.2820
